<?xml version="1.0" encoding="UTF-8"?>
<!-- Generated by org.testng.reporters.JUnitReportReporter -->
<testsuite hostname="DESKTOP-2OJ8H0G" failures="0" tests="3" name="locators.DirectLocators1" time="2.217" errors="0" timestamp="2024-08-25T09:19:32 EDT" skipped="0">
  <testcase classname="locators.DirectLocators1" name="partialLinkTest" time="1.817"/>
  <testcase classname="locators.DirectLocators1" name="classAttributeTest" time="0.096"/>
  <testcase classname="locators.DirectLocators1" name="logingTest" time="0.304"/>
</testsuite> <!-- locators.DirectLocators1 -->
