<?xml version="1.0" encoding="UTF-8"?>
<!-- Generated by org.testng.reporters.JUnitReportReporter -->
<testsuite hostname="DESKTOP-2OJ8H0G" failures="0" tests="1" name="facebookBase.LoginTestWithMultipleBrowser" time="16.793" errors="0" timestamp="2024-08-04T12:41:09 EDT" skipped="0">
  <testcase classname="facebookBase.LoginTestWithMultipleBrowser" name="loginTest" time="16.793"/>
</testsuite> <!-- facebookBase.LoginTestWithMultipleBrowser -->
