<?xml version="1.0" encoding="UTF-8"?>
<!-- Generated by org.testng.reporters.JUnitReportReporter -->
<testsuite hostname="DESKTOP-2OJ8H0G" failures="0" tests="1" name="facebookLogin.LoginTest" time="5.560" errors="0" timestamp="2024-07-16T18:16:47 EDT" skipped="0">
  <testcase classname="facebookLogin.LoginTest" name="validLoginTest" time="5.560"/>
</testsuite> <!-- facebookLogin.LoginTest -->
