<?xml version="1.0" encoding="UTF-8"?>
<!-- Generated by org.testng.reporters.JUnitReportReporter -->
<testsuite hostname="DESKTOP-2OJ8H0G" failures="0" tests="1" name="facebookBase.LoginTest" time="18.301" errors="0" timestamp="2024-07-19T19:13:42 EDT" skipped="0">
  <testcase classname="facebookBase.LoginTest" name="validloginTest" time="18.301"/>
</testsuite> <!-- facebookBase.LoginTest -->
