<?xml version="1.0" encoding="UTF-8"?>
<!-- Generated by org.testng.reporters.JUnitReportReporter -->
<testsuite hostname="DESKTOP-2OJ8H0G" failures="0" tests="2" name="webDriverCommand.FacebookUrlAndTitleTest2" time="9.615" errors="0" timestamp="2024-07-16T18:16:47 EDT" skipped="0">
  <testcase classname="webDriverCommand.FacebookUrlAndTitleTest2" name="urlTest" time="4.159"/>
  <testcase classname="webDriverCommand.FacebookUrlAndTitleTest2" name="titleTest" time="5.456"/>
</testsuite> <!-- webDriverCommand.FacebookUrlAndTitleTest2 -->
