<?xml version="1.0" encoding="UTF-8"?>
<!-- Generated by org.testng.reporters.JUnitReportReporter -->
<testsuite hostname="DESKTOP-2OJ8H0G" failures="0" tests="2" name="facebookBase.LinkTests" time="12.115" errors="0" timestamp="2024-07-16T18:16:47 EDT" skipped="0">
  <testcase classname="facebookBase.LinkTests" name="messengerLinkTest" time="6.989"/>
  <testcase classname="facebookBase.LinkTests" name="espanolLinkTest" time="5.126"/>
</testsuite> <!-- facebookBase.LinkTests -->
