<?xml version="1.0" encoding="UTF-8"?>
<!-- Generated by org.testng.reporters.JUnitReportReporter -->
<testsuite hostname="DESKTOP-2OJ8H0G" failures="0" tests="1" name="locators.BasicXpath" time="0.465" errors="0" timestamp="2024-08-25T10:13:13 EDT" skipped="0">
  <testcase classname="locators.BasicXpath" name="xPathFormula" time="0.465"/>
</testsuite> <!-- locators.BasicXpath -->
