<?xml version="1.0" encoding="UTF-8"?>
<!-- Generated by org.testng.reporters.JUnitReportReporter -->
<testsuite hostname="DESKTOP-2OJ8H0G" failures="0" tests="3" name="webDriverCommand.HowToOpenBrowserAndApplication" time="25.655" errors="0" timestamp="2024-07-16T18:16:47 EDT" skipped="0">
  <testcase classname="webDriverCommand.HowToOpenBrowserAndApplication" name="openApplicationWithFirefox" time="12.589"/>
  <testcase classname="webDriverCommand.HowToOpenBrowserAndApplication" name="openApplicationWithEdge" time="9.076"/>
  <testcase classname="webDriverCommand.HowToOpenBrowserAndApplication" name="openApplicationWithChrome" time="3.990"/>
</testsuite> <!-- webDriverCommand.HowToOpenBrowserAndApplication -->
