<?xml version="1.0" encoding="UTF-8"?>
<!-- Generated by org.testng.reporters.JUnitReportReporter -->
<testsuite hostname="DESKTOP-2OJ8H0G" failures="0" tests="2" name="locators.DirectLocators" time="0.060" errors="1" timestamp="2024-08-25T08:30:19 EDT" skipped="1">
  <testcase classname="locators.DirectLocators" name="openFacebook" time="0.060">
    <error type="java.lang.StackOverflowError">
      <![CDATA[java.lang.StackOverflowError
at locators.DirectLocators.openFacebook(DirectLocators.java:14)
at locators.DirectLocators.openFacebook(DirectLocators.java:14)
at locators.DirectLocators.openFacebook(DirectLocators.java:14)
at locators.DirectLocators.openFacebook(DirectLocators.java:14)
at locators.DirectLocators.openFacebook(DirectLocators.java:14)
at locators.DirectLocators.openFacebook(DirectLocators.java:14)
at locators.DirectLocators.openFacebook(DirectLocators.java:14)
at locators.DirectLocators.openFacebook(DirectLocators.java:14)
at locators.DirectLocators.openFacebook(DirectLocators.java:14)
at locators.DirectLocators.openFacebook(DirectLocators.java:14)
at locators.DirectLocators.openFacebook(DirectLocators.java:14)
at locators.DirectLocators.openFacebook(DirectLocators.java:14)
at locators.DirectLocators.openFacebook(DirectLocators.java:14)
at locators.DirectLocators.openFacebook(DirectLocators.java:14)
at locators.DirectLocators.openFacebook(DirectLocators.java:14)
at locators.DirectLocators.openFacebook(DirectLocators.java:14)
at locators.DirectLocators.openFacebook(DirectLocators.java:14)
at locators.DirectLocators.openFacebook(DirectLocators.java:14)
at locators.DirectLocators.openFacebook(DirectLocators.java:14)
at locators.DirectLocators.openFacebook(DirectLocators.java:14)
at locators.DirectLocators.openFacebook(DirectLocators.java:14)
at locators.DirectLocators.openFacebook(DirectLocators.java:14)
at locators.DirectLocators.openFacebook(DirectLocators.java:14)
at locators.DirectLocators.openFacebook(DirectLocators.java:14)
at locators.DirectLocators.openFacebook(DirectLocators.java:14)
at locators.DirectLocators.openFacebook(DirectLocators.java:14)
at locators.DirectLocators.openFacebook(DirectLocators.java:14)
at locators.DirectLocators.openFacebook(DirectLocators.java:14)
at locators.DirectLocators.openFacebook(DirectLocators.java:14)
at locators.DirectLocators.openFacebook(DirectLocators.java:14)
at locators.DirectLocators.openFacebook(DirectLocators.java:14)
at locators.DirectLocators.openFacebook(DirectLocators.java:14)
at locators.DirectLocators.openFacebook(DirectLocators.java:14)
at locators.DirectLocators.openFacebook(DirectLocators.java:14)
at locators.DirectLocators.openFacebook(DirectLocators.java:14)
at locators.DirectLocators.openFacebook(DirectLocators.java:14)
at locators.DirectLocators.openFacebook(DirectLocators.java:14)
at locators.DirectLocators.openFacebook(DirectLocators.java:14)
at locators.DirectLocators.openFacebook(DirectLocators.java:14)
at locators.DirectLocators.openFacebook(DirectLocators.java:14)
at locators.DirectLocators.openFacebook(DirectLocators.java:14)
at locators.DirectLocators.openFacebook(DirectLocators.java:14)
at locators.DirectLocators.openFacebook(DirectLocators.java:14)
at locators.DirectLocators.openFacebook(DirectLocators.java:14)
at locators.DirectLocators.openFacebook(DirectLocators.java:14)
at locators.DirectLocators.openFacebook(DirectLocators.java:14)
at locators.DirectLocators.openFacebook(DirectLocators.java:14)
at locators.DirectLocators.openFacebook(DirectLocators.java:14)
at locators.DirectLocators.openFacebook(DirectLocators.java:14)
at locators.DirectLocators.openFacebook(DirectLocators.java:14)
at locators.DirectLocators.openFacebook(DirectLocators.java:14)
at locators.DirectLocators.openFacebook(DirectLocators.java:14)
at locators.DirectLocators.openFacebook(DirectLocators.java:14)
at locators.DirectLocators.openFacebook(DirectLocators.java:14)
at locators.DirectLocators.openFacebook(DirectLocators.java:14)
at locators.DirectLocators.openFacebook(DirectLocators.java:14)
at locators.DirectLocators.openFacebook(DirectLocators.java:14)
at locators.DirectLocators.openFacebook(DirectLocators.java:14)
at locators.DirectLocators.openFacebook(DirectLocators.java:14)
at locators.DirectLocators.openFacebook(DirectLocators.java:14)
at locators.DirectLocators.openFacebook(DirectLocators.java:14)
at locators.DirectLocators.openFacebook(DirectLocators.java:14)
at locators.DirectLocators.openFacebook(DirectLocators.java:14)
at locators.DirectLocators.openFacebook(DirectLocators.java:14)
at locators.DirectLocators.openFacebook(DirectLocators.java:14)
at locators.DirectLocators.openFacebook(DirectLocators.java:14)
at locators.DirectLocators.openFacebook(DirectLocators.java:14)
at locators.DirectLocators.openFacebook(DirectLocators.java:14)
at locators.DirectLocators.openFacebook(DirectLocators.java:14)
at locators.DirectLocators.openFacebook(DirectLocators.java:14)
at locators.DirectLocators.openFacebook(DirectLocators.java:14)
at locators.DirectLocators.openFacebook(DirectLocators.java:14)
at locators.DirectLocators.openFacebook(DirectLocators.java:14)
at locators.DirectLocators.openFacebook(DirectLocators.java:14)
at locators.DirectLocators.openFacebook(DirectLocators.java:14)
at locators.DirectLocators.openFacebook(DirectLocators.java:14)
at locators.DirectLocators.openFacebook(DirectLocators.java:14)
at locators.DirectLocators.openFacebook(DirectLocators.java:14)
at locators.DirectLocators.openFacebook(DirectLocators.java:14)
at locators.DirectLocators.openFacebook(DirectLocators.java:14)
at locators.DirectLocators.openFacebook(DirectLocators.java:14)
at locators.DirectLocators.openFacebook(DirectLocators.java:14)
at locators.DirectLocators.openFacebook(DirectLocators.java:14)
at locators.DirectLocators.openFacebook(DirectLocators.java:14)
at locators.DirectLocators.openFacebook(DirectLocators.java:14)
at locators.DirectLocators.openFacebook(DirectLocators.java:14)
at locators.DirectLocators.openFacebook(DirectLocators.java:14)
at locators.DirectLocators.openFacebook(DirectLocators.java:14)
at locators.DirectLocators.openFacebook(DirectLocators.java:14)
at locators.DirectLocators.openFacebook(DirectLocators.java:14)
at locators.DirectLocators.openFacebook(DirectLocators.java:14)
at locators.DirectLocators.openFacebook(DirectLocators.java:14)
at locators.DirectLocators.openFacebook(DirectLocators.java:14)
at locators.DirectLocators.openFacebook(DirectLocators.java:14)
at locators.DirectLocators.openFacebook(DirectLocators.java:14)
at locators.DirectLocators.openFacebook(DirectLocators.java:14)
at locators.DirectLocators.openFacebook(DirectLocators.java:14)
at locators.DirectLocators.openFacebook(DirectLocators.java:14)
at locators.DirectLocators.openFacebook(DirectLocators.java:14)
at locators.DirectLocators.openFacebook(DirectLocators.java:14)
at locators.DirectLocators.openFacebook(DirectLocators.java:14)
at locators.DirectLocators.openFacebook(DirectLocators.java:14)
at locators.DirectLocators.openFacebook(DirectLocators.java:14)
at locators.DirectLocators.openFacebook(DirectLocators.java:14)
at locators.DirectLocators.openFacebook(DirectLocators.java:14)
at locators.DirectLocators.openFacebook(DirectLocators.java:14)
at locators.DirectLocators.openFacebook(DirectLocators.java:14)
at locators.DirectLocators.openFacebook(DirectLocators.java:14)
at locators.DirectLocators.openFacebook(DirectLocators.java:14)
at locators.DirectLocators.openFacebook(DirectLocators.java:14)
at locators.DirectLocators.openFacebook(DirectLocators.java:14)
at locators.DirectLocators.openFacebook(DirectLocators.java:14)
at locators.DirectLocators.openFacebook(DirectLocators.java:14)
at locators.DirectLocators.openFacebook(DirectLocators.java:14)
at locators.DirectLocators.openFacebook(DirectLocators.java:14)
at locators.DirectLocators.openFacebook(DirectLocators.java:14)
at locators.DirectLocators.openFacebook(DirectLocators.java:14)
at locators.DirectLocators.openFacebook(DirectLocators.java:14)
at locators.DirectLocators.openFacebook(DirectLocators.java:14)
at locators.DirectLocators.openFacebook(DirectLocators.java:14)
at locators.DirectLocators.openFacebook(DirectLocators.java:14)
at locators.DirectLocators.openFacebook(DirectLocators.java:14)
at locators.DirectLocators.openFacebook(DirectLocators.java:14)
at locators.DirectLocators.openFacebook(DirectLocators.java:14)
at locators.DirectLocators.openFacebook(DirectLocators.java:14)
at locators.DirectLocators.openFacebook(DirectLocators.java:14)
at locators.DirectLocators.openFacebook(DirectLocators.java:14)
at locators.DirectLocators.openFacebook(DirectLocators.java:14)
at locators.DirectLocators.openFacebook(DirectLocators.java:14)
at locators.DirectLocators.openFacebook(DirectLocators.java:14)
at locators.DirectLocators.openFacebook(DirectLocators.java:14)
at locators.DirectLocators.openFacebook(DirectLocators.java:14)
at locators.DirectLocators.openFacebook(DirectLocators.java:14)
at locators.DirectLocators.openFacebook(DirectLocators.java:14)
at locators.DirectLocators.openFacebook(DirectLocators.java:14)
at locators.DirectLocators.openFacebook(DirectLocators.java:14)
at locators.DirectLocators.openFacebook(DirectLocators.java:14)
at locators.DirectLocators.openFacebook(DirectLocators.java:14)
at locators.DirectLocators.openFacebook(DirectLocators.java:14)
at locators.DirectLocators.openFacebook(DirectLocators.java:14)
at locators.DirectLocators.openFacebook(DirectLocators.java:14)
at locators.DirectLocators.openFacebook(DirectLocators.java:14)
at locators.DirectLocators.openFacebook(DirectLocators.java:14)
at locators.DirectLocators.openFacebook(DirectLocators.java:14)
at locators.DirectLocators.openFacebook(DirectLocators.java:14)
at locators.DirectLocators.openFacebook(DirectLocators.java:14)
at locators.DirectLocators.openFacebook(DirectLocators.java:14)
at locators.DirectLocators.openFacebook(DirectLocators.java:14)
at locators.DirectLocators.openFacebook(DirectLocators.java:14)
at locators.DirectLocators.openFacebook(DirectLocators.java:14)
at locators.DirectLocators.openFacebook(DirectLocators.java:14)
at locators.DirectLocators.openFacebook(DirectLocators.java:14)
at locators.DirectLocators.openFacebook(DirectLocators.java:14)
at locators.DirectLocators.openFacebook(DirectLocators.java:14)
at locators.DirectLocators.openFacebook(DirectLocators.java:14)
at locators.DirectLocators.openFacebook(DirectLocators.java:14)
at locators.DirectLocators.openFacebook(DirectLocators.java:14)
at locators.DirectLocators.openFacebook(DirectLocators.java:14)
at locators.DirectLocators.openFacebook(DirectLocators.java:14)
at locators.DirectLocators.openFacebook(DirectLocators.java:14)
at locators.DirectLocators.openFacebook(DirectLocators.java:14)
at locators.DirectLocators.openFacebook(DirectLocators.java:14)
at locators.DirectLocators.openFacebook(DirectLocators.java:14)
at locators.DirectLocators.openFacebook(DirectLocators.java:14)
at locators.DirectLocators.openFacebook(DirectLocators.java:14)
at locators.DirectLocators.openFacebook(DirectLocators.java:14)
at locators.DirectLocators.openFacebook(DirectLocators.java:14)
at locators.DirectLocators.openFacebook(DirectLocators.java:14)
at locators.DirectLocators.openFacebook(DirectLocators.java:14)
at locators.DirectLocators.openFacebook(DirectLocators.java:14)
at locators.DirectLocators.openFacebook(DirectLocators.java:14)
at locators.DirectLocators.openFacebook(DirectLocators.java:14)
at locators.DirectLocators.openFacebook(DirectLocators.java:14)
at locators.DirectLocators.openFacebook(DirectLocators.java:14)
at locators.DirectLocators.openFacebook(DirectLocators.java:14)
at locators.DirectLocators.openFacebook(DirectLocators.java:14)
at locators.DirectLocators.openFacebook(DirectLocators.java:14)
at locators.DirectLocators.openFacebook(DirectLocators.java:14)
at locators.DirectLocators.openFacebook(DirectLocators.java:14)
at locators.DirectLocators.openFacebook(DirectLocators.java:14)
at locators.DirectLocators.openFacebook(DirectLocators.java:14)
at locators.DirectLocators.openFacebook(DirectLocators.java:14)
at locators.DirectLocators.openFacebook(DirectLocators.java:14)
at locators.DirectLocators.openFacebook(DirectLocators.java:14)
at locators.DirectLocators.openFacebook(DirectLocators.java:14)
at locators.DirectLocators.openFacebook(DirectLocators.java:14)
at locators.DirectLocators.openFacebook(DirectLocators.java:14)
at locators.DirectLocators.openFacebook(DirectLocators.java:14)
at locators.DirectLocators.openFacebook(DirectLocators.java:14)
at locators.DirectLocators.openFacebook(DirectLocators.java:14)
at locators.DirectLocators.openFacebook(DirectLocators.java:14)
at locators.DirectLocators.openFacebook(DirectLocators.java:14)
at locators.DirectLocators.openFacebook(DirectLocators.java:14)
at locators.DirectLocators.openFacebook(DirectLocators.java:14)
at locators.DirectLocators.openFacebook(DirectLocators.java:14)
at locators.DirectLocators.openFacebook(DirectLocators.java:14)
at locators.DirectLocators.openFacebook(DirectLocators.java:14)
at locators.DirectLocators.openFacebook(DirectLocators.java:14)
at locators.DirectLocators.openFacebook(DirectLocators.java:14)
at locators.DirectLocators.openFacebook(DirectLocators.java:14)
at locators.DirectLocators.openFacebook(DirectLocators.java:14)
at locators.DirectLocators.openFacebook(DirectLocators.java:14)
at locators.DirectLocators.openFacebook(DirectLocators.java:14)
at locators.DirectLocators.openFacebook(DirectLocators.java:14)
at locators.DirectLocators.openFacebook(DirectLocators.java:14)
at locators.DirectLocators.openFacebook(DirectLocators.java:14)
at locators.DirectLocators.openFacebook(DirectLocators.java:14)
at locators.DirectLocators.openFacebook(DirectLocators.java:14)
at locators.DirectLocators.openFacebook(DirectLocators.java:14)
at locators.DirectLocators.openFacebook(DirectLocators.java:14)
at locators.DirectLocators.openFacebook(DirectLocators.java:14)
at locators.DirectLocators.openFacebook(DirectLocators.java:14)
at locators.DirectLocators.openFacebook(DirectLocators.java:14)
at locators.DirectLocators.openFacebook(DirectLocators.java:14)
at locators.DirectLocators.openFacebook(DirectLocators.java:14)
at locators.DirectLocators.openFacebook(DirectLocators.java:14)
at locators.DirectLocators.openFacebook(DirectLocators.java:14)
at locators.DirectLocators.openFacebook(DirectLocators.java:14)
at locators.DirectLocators.openFacebook(DirectLocators.java:14)
at locators.DirectLocators.openFacebook(DirectLocators.java:14)
at locators.DirectLocators.openFacebook(DirectLocators.java:14)
at locators.DirectLocators.openFacebook(DirectLocators.java:14)
at locators.DirectLocators.openFacebook(DirectLocators.java:14)
at locators.DirectLocators.openFacebook(DirectLocators.java:14)
at locators.DirectLocators.openFacebook(DirectLocators.java:14)
at locators.DirectLocators.openFacebook(DirectLocators.java:14)
at locators.DirectLocators.openFacebook(DirectLocators.java:14)
at locators.DirectLocators.openFacebook(DirectLocators.java:14)
at locators.DirectLocators.openFacebook(DirectLocators.java:14)
at locators.DirectLocators.openFacebook(DirectLocators.java:14)
at locators.DirectLocators.openFacebook(DirectLocators.java:14)
at locators.DirectLocators.openFacebook(DirectLocators.java:14)
at locators.DirectLocators.openFacebook(DirectLocators.java:14)
at locators.DirectLocators.openFacebook(DirectLocators.java:14)
at locators.DirectLocators.openFacebook(DirectLocators.java:14)
at locators.DirectLocators.openFacebook(DirectLocators.java:14)
at locators.DirectLocators.openFacebook(DirectLocators.java:14)
at locators.DirectLocators.openFacebook(DirectLocators.java:14)
at locators.DirectLocators.openFacebook(DirectLocators.java:14)
at locators.DirectLocators.openFacebook(DirectLocators.java:14)
at locators.DirectLocators.openFacebook(DirectLocators.java:14)
at locators.DirectLocators.openFacebook(DirectLocators.java:14)
at locators.DirectLocators.openFacebook(DirectLocators.java:14)
at locators.DirectLocators.openFacebook(DirectLocators.java:14)
at locators.DirectLocators.openFacebook(DirectLocators.java:14)
at locators.DirectLocators.openFacebook(DirectLocators.java:14)
at locators.DirectLocators.openFacebook(DirectLocators.java:14)
at locators.DirectLocators.openFacebook(DirectLocators.java:14)
at locators.DirectLocators.openFacebook(DirectLocators.java:14)
at locators.DirectLocators.openFacebook(DirectLocators.java:14)
at locators.DirectLocators.openFacebook(DirectLocators.java:14)
at locators.DirectLocators.openFacebook(DirectLocators.java:14)
at locators.DirectLocators.openFacebook(DirectLocators.java:14)
at locators.DirectLocators.openFacebook(DirectLocators.java:14)
at locators.DirectLocators.openFacebook(DirectLocators.java:14)
at locators.DirectLocators.openFacebook(DirectLocators.java:14)
at locators.DirectLocators.openFacebook(DirectLocators.java:14)
at locators.DirectLocators.openFacebook(DirectLocators.java:14)
at locators.DirectLocators.openFacebook(DirectLocators.java:14)
at locators.DirectLocators.openFacebook(DirectLocators.java:14)
at locators.DirectLocators.openFacebook(DirectLocators.java:14)
at locators.DirectLocators.openFacebook(DirectLocators.java:14)
at locators.DirectLocators.openFacebook(DirectLocators.java:14)
at locators.DirectLocators.openFacebook(DirectLocators.java:14)
at locators.DirectLocators.openFacebook(DirectLocators.java:14)
at locators.DirectLocators.openFacebook(DirectLocators.java:14)
at locators.DirectLocators.openFacebook(DirectLocators.java:14)
at locators.DirectLocators.openFacebook(DirectLocators.java:14)
at locators.DirectLocators.openFacebook(DirectLocators.java:14)
at locators.DirectLocators.openFacebook(DirectLocators.java:14)
at locators.DirectLocators.openFacebook(DirectLocators.java:14)
at locators.DirectLocators.openFacebook(DirectLocators.java:14)
at locators.DirectLocators.openFacebook(DirectLocators.java:14)
at locators.DirectLocators.openFacebook(DirectLocators.java:14)
at locators.DirectLocators.openFacebook(DirectLocators.java:14)
at locators.DirectLocators.openFacebook(DirectLocators.java:14)
at locators.DirectLocators.openFacebook(DirectLocators.java:14)
at locators.DirectLocators.openFacebook(DirectLocators.java:14)
at locators.DirectLocators.openFacebook(DirectLocators.java:14)
at locators.DirectLocators.openFacebook(DirectLocators.java:14)
at locators.DirectLocators.openFacebook(DirectLocators.java:14)
at locators.DirectLocators.openFacebook(DirectLocators.java:14)
at locators.DirectLocators.openFacebook(DirectLocators.java:14)
at locators.DirectLocators.openFacebook(DirectLocators.java:14)
at locators.DirectLocators.openFacebook(DirectLocators.java:14)
at locators.DirectLocators.openFacebook(DirectLocators.java:14)
at locators.DirectLocators.openFacebook(DirectLocators.java:14)
at locators.DirectLocators.openFacebook(DirectLocators.java:14)
at locators.DirectLocators.openFacebook(DirectLocators.java:14)
at locators.DirectLocators.openFacebook(DirectLocators.java:14)
at locators.DirectLocators.openFacebook(DirectLocators.java:14)
at locators.DirectLocators.openFacebook(DirectLocators.java:14)
at locators.DirectLocators.openFacebook(DirectLocators.java:14)
at locators.DirectLocators.openFacebook(DirectLocators.java:14)
at locators.DirectLocators.openFacebook(DirectLocators.java:14)
at locators.DirectLocators.openFacebook(DirectLocators.java:14)
at locators.DirectLocators.openFacebook(DirectLocators.java:14)
at locators.DirectLocators.openFacebook(DirectLocators.java:14)
at locators.DirectLocators.openFacebook(DirectLocators.java:14)
at locators.DirectLocators.openFacebook(DirectLocators.java:14)
at locators.DirectLocators.openFacebook(DirectLocators.java:14)
at locators.DirectLocators.openFacebook(DirectLocators.java:14)
at locators.DirectLocators.openFacebook(DirectLocators.java:14)
at locators.DirectLocators.openFacebook(DirectLocators.java:14)
at locators.DirectLocators.openFacebook(DirectLocators.java:14)
at locators.DirectLocators.openFacebook(DirectLocators.java:14)
at locators.DirectLocators.openFacebook(DirectLocators.java:14)
at locators.DirectLocators.openFacebook(DirectLocators.java:14)
at locators.DirectLocators.openFacebook(DirectLocators.java:14)
at locators.DirectLocators.openFacebook(DirectLocators.java:14)
at locators.DirectLocators.openFacebook(DirectLocators.java:14)
at locators.DirectLocators.openFacebook(DirectLocators.java:14)
at locators.DirectLocators.openFacebook(DirectLocators.java:14)
at locators.DirectLocators.openFacebook(DirectLocators.java:14)
at locators.DirectLocators.openFacebook(DirectLocators.java:14)
at locators.DirectLocators.openFacebook(DirectLocators.java:14)
at locators.DirectLocators.openFacebook(DirectLocators.java:14)
at locators.DirectLocators.openFacebook(DirectLocators.java:14)
at locators.DirectLocators.openFacebook(DirectLocators.java:14)
at locators.DirectLocators.openFacebook(DirectLocators.java:14)
at locators.DirectLocators.openFacebook(DirectLocators.java:14)
at locators.DirectLocators.openFacebook(DirectLocators.java:14)
at locators.DirectLocators.openFacebook(DirectLocators.java:14)
at locators.DirectLocators.openFacebook(DirectLocators.java:14)
at locators.DirectLocators.openFacebook(DirectLocators.java:14)
at locators.DirectLocators.openFacebook(DirectLocators.java:14)
at locators.DirectLocators.openFacebook(DirectLocators.java:14)
at locators.DirectLocators.openFacebook(DirectLocators.java:14)
at locators.DirectLocators.openFacebook(DirectLocators.java:14)
at locators.DirectLocators.openFacebook(DirectLocators.java:14)
at locators.DirectLocators.openFacebook(DirectLocators.java:14)
at locators.DirectLocators.openFacebook(DirectLocators.java:14)
at locators.DirectLocators.openFacebook(DirectLocators.java:14)
at locators.DirectLocators.openFacebook(DirectLocators.java:14)
at locators.DirectLocators.openFacebook(DirectLocators.java:14)
at locators.DirectLocators.openFacebook(DirectLocators.java:14)
at locators.DirectLocators.openFacebook(DirectLocators.java:14)
at locators.DirectLocators.openFacebook(DirectLocators.java:14)
at locators.DirectLocators.openFacebook(DirectLocators.java:14)
at locators.DirectLocators.openFacebook(DirectLocators.java:14)
at locators.DirectLocators.openFacebook(DirectLocators.java:14)
at locators.DirectLocators.openFacebook(DirectLocators.java:14)
at locators.DirectLocators.openFacebook(DirectLocators.java:14)
at locators.DirectLocators.openFacebook(DirectLocators.java:14)
at locators.DirectLocators.openFacebook(DirectLocators.java:14)
at locators.DirectLocators.openFacebook(DirectLocators.java:14)
at locators.DirectLocators.openFacebook(DirectLocators.java:14)
at locators.DirectLocators.openFacebook(DirectLocators.java:14)
at locators.DirectLocators.openFacebook(DirectLocators.java:14)
at locators.DirectLocators.openFacebook(DirectLocators.java:14)
at locators.DirectLocators.openFacebook(DirectLocators.java:14)
at locators.DirectLocators.openFacebook(DirectLocators.java:14)
at locators.DirectLocators.openFacebook(DirectLocators.java:14)
at locators.DirectLocators.openFacebook(DirectLocators.java:14)
at locators.DirectLocators.openFacebook(DirectLocators.java:14)
at locators.DirectLocators.openFacebook(DirectLocators.java:14)
at locators.DirectLocators.openFacebook(DirectLocators.java:14)
at locators.DirectLocators.openFacebook(DirectLocators.java:14)
at locators.DirectLocators.openFacebook(DirectLocators.java:14)
at locators.DirectLocators.openFacebook(DirectLocators.java:14)
at locators.DirectLocators.openFacebook(DirectLocators.java:14)
at locators.DirectLocators.openFacebook(DirectLocators.java:14)
at locators.DirectLocators.openFacebook(DirectLocators.java:14)
at locators.DirectLocators.openFacebook(DirectLocators.java:14)
at locators.DirectLocators.openFacebook(DirectLocators.java:14)
at locators.DirectLocators.openFacebook(DirectLocators.java:14)
at locators.DirectLocators.openFacebook(DirectLocators.java:14)
at locators.DirectLocators.openFacebook(DirectLocators.java:14)
at locators.DirectLocators.openFacebook(DirectLocators.java:14)
at locators.DirectLocators.openFacebook(DirectLocators.java:14)
at locators.DirectLocators.openFacebook(DirectLocators.java:14)
at locators.DirectLocators.openFacebook(DirectLocators.java:14)
at locators.DirectLocators.openFacebook(DirectLocators.java:14)
at locators.DirectLocators.openFacebook(DirectLocators.java:14)
at locators.DirectLocators.openFacebook(DirectLocators.java:14)
at locators.DirectLocators.openFacebook(DirectLocators.java:14)
at locators.DirectLocators.openFacebook(DirectLocators.java:14)
at locators.DirectLocators.openFacebook(DirectLocators.java:14)
at locators.DirectLocators.openFacebook(DirectLocators.java:14)
at locators.DirectLocators.openFacebook(DirectLocators.java:14)
at locators.DirectLocators.openFacebook(DirectLocators.java:14)
at locators.DirectLocators.openFacebook(DirectLocators.java:14)
at locators.DirectLocators.openFacebook(DirectLocators.java:14)
at locators.DirectLocators.openFacebook(DirectLocators.java:14)
at locators.DirectLocators.openFacebook(DirectLocators.java:14)
at locators.DirectLocators.openFacebook(DirectLocators.java:14)
at locators.DirectLocators.openFacebook(DirectLocators.java:14)
at locators.DirectLocators.openFacebook(DirectLocators.java:14)
at locators.DirectLocators.openFacebook(DirectLocators.java:14)
at locators.DirectLocators.openFacebook(DirectLocators.java:14)
at locators.DirectLocators.openFacebook(DirectLocators.java:14)
at locators.DirectLocators.openFacebook(DirectLocators.java:14)
at locators.DirectLocators.openFacebook(DirectLocators.java:14)
at locators.DirectLocators.openFacebook(DirectLocators.java:14)
at locators.DirectLocators.openFacebook(DirectLocators.java:14)
at locators.DirectLocators.openFacebook(DirectLocators.java:14)
at locators.DirectLocators.openFacebook(DirectLocators.java:14)
at locators.DirectLocators.openFacebook(DirectLocators.java:14)
at locators.DirectLocators.openFacebook(DirectLocators.java:14)
at locators.DirectLocators.openFacebook(DirectLocators.java:14)
at locators.DirectLocators.openFacebook(DirectLocators.java:14)
at locators.DirectLocators.openFacebook(DirectLocators.java:14)
at locators.DirectLocators.openFacebook(DirectLocators.java:14)
at locators.DirectLocators.openFacebook(DirectLocators.java:14)
at locators.DirectLocators.openFacebook(DirectLocators.java:14)
at locators.DirectLocators.openFacebook(DirectLocators.java:14)
at locators.DirectLocators.openFacebook(DirectLocators.java:14)
at locators.DirectLocators.openFacebook(DirectLocators.java:14)
at locators.DirectLocators.openFacebook(DirectLocators.java:14)
at locators.DirectLocators.openFacebook(DirectLocators.java:14)
at locators.DirectLocators.openFacebook(DirectLocators.java:14)
at locators.DirectLocators.openFacebook(DirectLocators.java:14)
at locators.DirectLocators.openFacebook(DirectLocators.java:14)
at locators.DirectLocators.openFacebook(DirectLocators.java:14)
at locators.DirectLocators.openFacebook(DirectLocators.java:14)
at locators.DirectLocators.openFacebook(DirectLocators.java:14)
at locators.DirectLocators.openFacebook(DirectLocators.java:14)
at locators.DirectLocators.openFacebook(DirectLocators.java:14)
at locators.DirectLocators.openFacebook(DirectLocators.java:14)
at locators.DirectLocators.openFacebook(DirectLocators.java:14)
at locators.DirectLocators.openFacebook(DirectLocators.java:14)
at locators.DirectLocators.openFacebook(DirectLocators.java:14)
at locators.DirectLocators.openFacebook(DirectLocators.java:14)
at locators.DirectLocators.openFacebook(DirectLocators.java:14)
at locators.DirectLocators.openFacebook(DirectLocators.java:14)
at locators.DirectLocators.openFacebook(DirectLocators.java:14)
at locators.DirectLocators.openFacebook(DirectLocators.java:14)
at locators.DirectLocators.openFacebook(DirectLocators.java:14)
at locators.DirectLocators.openFacebook(DirectLocators.java:14)
at locators.DirectLocators.openFacebook(DirectLocators.java:14)
at locators.DirectLocators.openFacebook(DirectLocators.java:14)
at locators.DirectLocators.openFacebook(DirectLocators.java:14)
at locators.DirectLocators.openFacebook(DirectLocators.java:14)
at locators.DirectLocators.openFacebook(DirectLocators.java:14)
at locators.DirectLocators.openFacebook(DirectLocators.java:14)
at locators.DirectLocators.openFacebook(DirectLocators.java:14)
at locators.DirectLocators.openFacebook(DirectLocators.java:14)
at locators.DirectLocators.openFacebook(DirectLocators.java:14)
at locators.DirectLocators.openFacebook(DirectLocators.java:14)
at locators.DirectLocators.openFacebook(DirectLocators.java:14)
at locators.DirectLocators.openFacebook(DirectLocators.java:14)
at locators.DirectLocators.openFacebook(DirectLocators.java:14)
at locators.DirectLocators.openFacebook(DirectLocators.java:14)
at locators.DirectLocators.openFacebook(DirectLocators.java:14)
at locators.DirectLocators.openFacebook(DirectLocators.java:14)
at locators.DirectLocators.openFacebook(DirectLocators.java:14)
at locators.DirectLocators.openFacebook(DirectLocators.java:14)
at locators.DirectLocators.openFacebook(DirectLocators.java:14)
at locators.DirectLocators.openFacebook(DirectLocators.java:14)
at locators.DirectLocators.openFacebook(DirectLocators.java:14)
at locators.DirectLocators.openFacebook(DirectLocators.java:14)
at locators.DirectLocators.openFacebook(DirectLocators.java:14)
at locators.DirectLocators.openFacebook(DirectLocators.java:14)
at locators.DirectLocators.openFacebook(DirectLocators.java:14)
at locators.DirectLocators.openFacebook(DirectLocators.java:14)
at locators.DirectLocators.openFacebook(DirectLocators.java:14)
at locators.DirectLocators.openFacebook(DirectLocators.java:14)
at locators.DirectLocators.openFacebook(DirectLocators.java:14)
at locators.DirectLocators.openFacebook(DirectLocators.java:14)
at locators.DirectLocators.openFacebook(DirectLocators.java:14)
at locators.DirectLocators.openFacebook(DirectLocators.java:14)
at locators.DirectLocators.openFacebook(DirectLocators.java:14)
at locators.DirectLocators.openFacebook(DirectLocators.java:14)
at locators.DirectLocators.openFacebook(DirectLocators.java:14)
at locators.DirectLocators.openFacebook(DirectLocators.java:14)
at locators.DirectLocators.openFacebook(DirectLocators.java:14)
at locators.DirectLocators.openFacebook(DirectLocators.java:14)
at locators.DirectLocators.openFacebook(DirectLocators.java:14)
at locators.DirectLocators.openFacebook(DirectLocators.java:14)
at locators.DirectLocators.openFacebook(DirectLocators.java:14)
at locators.DirectLocators.openFacebook(DirectLocators.java:14)
at locators.DirectLocators.openFacebook(DirectLocators.java:14)
at locators.DirectLocators.openFacebook(DirectLocators.java:14)
at locators.DirectLocators.openFacebook(DirectLocators.java:14)
at locators.DirectLocators.openFacebook(DirectLocators.java:14)
at locators.DirectLocators.openFacebook(DirectLocators.java:14)
at locators.DirectLocators.openFacebook(DirectLocators.java:14)
at locators.DirectLocators.openFacebook(DirectLocators.java:14)
at locators.DirectLocators.openFacebook(DirectLocators.java:14)
at locators.DirectLocators.openFacebook(DirectLocators.java:14)
at locators.DirectLocators.openFacebook(DirectLocators.java:14)
at locators.DirectLocators.openFacebook(DirectLocators.java:14)
at locators.DirectLocators.openFacebook(DirectLocators.java:14)
at locators.DirectLocators.openFacebook(DirectLocators.java:14)
at locators.DirectLocators.openFacebook(DirectLocators.java:14)
at locators.DirectLocators.openFacebook(DirectLocators.java:14)
at locators.DirectLocators.openFacebook(DirectLocators.java:14)
at locators.DirectLocators.openFacebook(DirectLocators.java:14)
at locators.DirectLocators.openFacebook(DirectLocators.java:14)
at locators.DirectLocators.openFacebook(DirectLocators.java:14)
at locators.DirectLocators.openFacebook(DirectLocators.java:14)
at locators.DirectLocators.openFacebook(DirectLocators.java:14)
at locators.DirectLocators.openFacebook(DirectLocators.java:14)
at locators.DirectLocators.openFacebook(DirectLocators.java:14)
at locators.DirectLocators.openFacebook(DirectLocators.java:14)
at locators.DirectLocators.openFacebook(DirectLocators.java:14)
at locators.DirectLocators.openFacebook(DirectLocators.java:14)
at locators.DirectLocators.openFacebook(DirectLocators.java:14)
at locators.DirectLocators.openFacebook(DirectLocators.java:14)
at locators.DirectLocators.openFacebook(DirectLocators.java:14)
at locators.DirectLocators.openFacebook(DirectLocators.java:14)
at locators.DirectLocators.openFacebook(DirectLocators.java:14)
at locators.DirectLocators.openFacebook(DirectLocators.java:14)
at locators.DirectLocators.openFacebook(DirectLocators.java:14)
at locators.DirectLocators.openFacebook(DirectLocators.java:14)
at locators.DirectLocators.openFacebook(DirectLocators.java:14)
at locators.DirectLocators.openFacebook(DirectLocators.java:14)
at locators.DirectLocators.openFacebook(DirectLocators.java:14)
at locators.DirectLocators.openFacebook(DirectLocators.java:14)
at locators.DirectLocators.openFacebook(DirectLocators.java:14)
at locators.DirectLocators.openFacebook(DirectLocators.java:14)
at locators.DirectLocators.openFacebook(DirectLocators.java:14)
at locators.DirectLocators.openFacebook(DirectLocators.java:14)
at locators.DirectLocators.openFacebook(DirectLocators.java:14)
at locators.DirectLocators.openFacebook(DirectLocators.java:14)
at locators.DirectLocators.openFacebook(DirectLocators.java:14)
at locators.DirectLocators.openFacebook(DirectLocators.java:14)
at locators.DirectLocators.openFacebook(DirectLocators.java:14)
at locators.DirectLocators.openFacebook(DirectLocators.java:14)
at locators.DirectLocators.openFacebook(DirectLocators.java:14)
at locators.DirectLocators.openFacebook(DirectLocators.java:14)
at locators.DirectLocators.openFacebook(DirectLocators.java:14)
at locators.DirectLocators.openFacebook(DirectLocators.java:14)
at locators.DirectLocators.openFacebook(DirectLocators.java:14)
at locators.DirectLocators.openFacebook(DirectLocators.java:14)
at locators.DirectLocators.openFacebook(DirectLocators.java:14)
at locators.DirectLocators.openFacebook(DirectLocators.java:14)
at locators.DirectLocators.openFacebook(DirectLocators.java:14)
at locators.DirectLocators.openFacebook(DirectLocators.java:14)
at locators.DirectLocators.openFacebook(DirectLocators.java:14)
at locators.DirectLocators.openFacebook(DirectLocators.java:14)
at locators.DirectLocators.openFacebook(DirectLocators.java:14)
at locators.DirectLocators.openFacebook(DirectLocators.java:14)
at locators.DirectLocators.openFacebook(DirectLocators.java:14)
at locators.DirectLocators.openFacebook(DirectLocators.java:14)
at locators.DirectLocators.openFacebook(DirectLocators.java:14)
at locators.DirectLocators.openFacebook(DirectLocators.java:14)
at locators.DirectLocators.openFacebook(DirectLocators.java:14)
at locators.DirectLocators.openFacebook(DirectLocators.java:14)
at locators.DirectLocators.openFacebook(DirectLocators.java:14)
at locators.DirectLocators.openFacebook(DirectLocators.java:14)
at locators.DirectLocators.openFacebook(DirectLocators.java:14)
at locators.DirectLocators.openFacebook(DirectLocators.java:14)
at locators.DirectLocators.openFacebook(DirectLocators.java:14)
at locators.DirectLocators.openFacebook(DirectLocators.java:14)
at locators.DirectLocators.openFacebook(DirectLocators.java:14)
at locators.DirectLocators.openFacebook(DirectLocators.java:14)
at locators.DirectLocators.openFacebook(DirectLocators.java:14)
at locators.DirectLocators.openFacebook(DirectLocators.java:14)
at locators.DirectLocators.openFacebook(DirectLocators.java:14)
at locators.DirectLocators.openFacebook(DirectLocators.java:14)
at locators.DirectLocators.openFacebook(DirectLocators.java:14)
at locators.DirectLocators.openFacebook(DirectLocators.java:14)
at locators.DirectLocators.openFacebook(DirectLocators.java:14)
at locators.DirectLocators.openFacebook(DirectLocators.java:14)
at locators.DirectLocators.openFacebook(DirectLocators.java:14)
at locators.DirectLocators.openFacebook(DirectLocators.java:14)
at locators.DirectLocators.openFacebook(DirectLocators.java:14)
at locators.DirectLocators.openFacebook(DirectLocators.java:14)
at locators.DirectLocators.openFacebook(DirectLocators.java:14)
at locators.DirectLocators.openFacebook(DirectLocators.java:14)
at locators.DirectLocators.openFacebook(DirectLocators.java:14)
at locators.DirectLocators.openFacebook(DirectLocators.java:14)
at locators.DirectLocators.openFacebook(DirectLocators.java:14)
at locators.DirectLocators.openFacebook(DirectLocators.java:14)
at locators.DirectLocators.openFacebook(DirectLocators.java:14)
at locators.DirectLocators.openFacebook(DirectLocators.java:14)
at locators.DirectLocators.openFacebook(DirectLocators.java:14)
at locators.DirectLocators.openFacebook(DirectLocators.java:14)
at locators.DirectLocators.openFacebook(DirectLocators.java:14)
at locators.DirectLocators.openFacebook(DirectLocators.java:14)
at locators.DirectLocators.openFacebook(DirectLocators.java:14)
at locators.DirectLocators.openFacebook(DirectLocators.java:14)
at locators.DirectLocators.openFacebook(DirectLocators.java:14)
at locators.DirectLocators.openFacebook(DirectLocators.java:14)
at locators.DirectLocators.openFacebook(DirectLocators.java:14)
at locators.DirectLocators.openFacebook(DirectLocators.java:14)
at locators.DirectLocators.openFacebook(DirectLocators.java:14)
at locators.DirectLocators.openFacebook(DirectLocators.java:14)
at locators.DirectLocators.openFacebook(DirectLocators.java:14)
at locators.DirectLocators.openFacebook(DirectLocators.java:14)
at locators.DirectLocators.openFacebook(DirectLocators.java:14)
at locators.DirectLocators.openFacebook(DirectLocators.java:14)
at locators.DirectLocators.openFacebook(DirectLocators.java:14)
at locators.DirectLocators.openFacebook(DirectLocators.java:14)
at locators.DirectLocators.openFacebook(DirectLocators.java:14)
at locators.DirectLocators.openFacebook(DirectLocators.java:14)
at locators.DirectLocators.openFacebook(DirectLocators.java:14)
at locators.DirectLocators.openFacebook(DirectLocators.java:14)
at locators.DirectLocators.openFacebook(DirectLocators.java:14)
at locators.DirectLocators.openFacebook(DirectLocators.java:14)
at locators.DirectLocators.openFacebook(DirectLocators.java:14)
at locators.DirectLocators.openFacebook(DirectLocators.java:14)
at locators.DirectLocators.openFacebook(DirectLocators.java:14)
at locators.DirectLocators.openFacebook(DirectLocators.java:14)
at locators.DirectLocators.openFacebook(DirectLocators.java:14)
at locators.DirectLocators.openFacebook(DirectLocators.java:14)
at locators.DirectLocators.openFacebook(DirectLocators.java:14)
at locators.DirectLocators.openFacebook(DirectLocators.java:14)
at locators.DirectLocators.openFacebook(DirectLocators.java:14)
at locators.DirectLocators.openFacebook(DirectLocators.java:14)
at locators.DirectLocators.openFacebook(DirectLocators.java:14)
at locators.DirectLocators.openFacebook(DirectLocators.java:14)
at locators.DirectLocators.openFacebook(DirectLocators.java:14)
at locators.DirectLocators.openFacebook(DirectLocators.java:14)
at locators.DirectLocators.openFacebook(DirectLocators.java:14)
at locators.DirectLocators.openFacebook(DirectLocators.java:14)
at locators.DirectLocators.openFacebook(DirectLocators.java:14)
at locators.DirectLocators.openFacebook(DirectLocators.java:14)
at locators.DirectLocators.openFacebook(DirectLocators.java:14)
at locators.DirectLocators.openFacebook(DirectLocators.java:14)
at locators.DirectLocators.openFacebook(DirectLocators.java:14)
at locators.DirectLocators.openFacebook(DirectLocators.java:14)
at locators.DirectLocators.openFacebook(DirectLocators.java:14)
at locators.DirectLocators.openFacebook(DirectLocators.java:14)
at locators.DirectLocators.openFacebook(DirectLocators.java:14)
at locators.DirectLocators.openFacebook(DirectLocators.java:14)
at locators.DirectLocators.openFacebook(DirectLocators.java:14)
at locators.DirectLocators.openFacebook(DirectLocators.java:14)
at locators.DirectLocators.openFacebook(DirectLocators.java:14)
at locators.DirectLocators.openFacebook(DirectLocators.java:14)
at locators.DirectLocators.openFacebook(DirectLocators.java:14)
at locators.DirectLocators.openFacebook(DirectLocators.java:14)
at locators.DirectLocators.openFacebook(DirectLocators.java:14)
at locators.DirectLocators.openFacebook(DirectLocators.java:14)
at locators.DirectLocators.openFacebook(DirectLocators.java:14)
at locators.DirectLocators.openFacebook(DirectLocators.java:14)
at locators.DirectLocators.openFacebook(DirectLocators.java:14)
at locators.DirectLocators.openFacebook(DirectLocators.java:14)
at locators.DirectLocators.openFacebook(DirectLocators.java:14)
at locators.DirectLocators.openFacebook(DirectLocators.java:14)
at locators.DirectLocators.openFacebook(DirectLocators.java:14)
at locators.DirectLocators.openFacebook(DirectLocators.java:14)
at locators.DirectLocators.openFacebook(DirectLocators.java:14)
at locators.DirectLocators.openFacebook(DirectLocators.java:14)
at locators.DirectLocators.openFacebook(DirectLocators.java:14)
at locators.DirectLocators.openFacebook(DirectLocators.java:14)
at locators.DirectLocators.openFacebook(DirectLocators.java:14)
at locators.DirectLocators.openFacebook(DirectLocators.java:14)
at locators.DirectLocators.openFacebook(DirectLocators.java:14)
at locators.DirectLocators.openFacebook(DirectLocators.java:14)
at locators.DirectLocators.openFacebook(DirectLocators.java:14)
at locators.DirectLocators.openFacebook(DirectLocators.java:14)
at locators.DirectLocators.openFacebook(DirectLocators.java:14)
at locators.DirectLocators.openFacebook(DirectLocators.java:14)
at locators.DirectLocators.openFacebook(DirectLocators.java:14)
at locators.DirectLocators.openFacebook(DirectLocators.java:14)
at locators.DirectLocators.openFacebook(DirectLocators.java:14)
at locators.DirectLocators.openFacebook(DirectLocators.java:14)
at locators.DirectLocators.openFacebook(DirectLocators.java:14)
at locators.DirectLocators.openFacebook(DirectLocators.java:14)
at locators.DirectLocators.openFacebook(DirectLocators.java:14)
at locators.DirectLocators.openFacebook(DirectLocators.java:14)
at locators.DirectLocators.openFacebook(DirectLocators.java:14)
at locators.DirectLocators.openFacebook(DirectLocators.java:14)
at locators.DirectLocators.openFacebook(DirectLocators.java:14)
at locators.DirectLocators.openFacebook(DirectLocators.java:14)
at locators.DirectLocators.openFacebook(DirectLocators.java:14)
at locators.DirectLocators.openFacebook(DirectLocators.java:14)
at locators.DirectLocators.openFacebook(DirectLocators.java:14)
at locators.DirectLocators.openFacebook(DirectLocators.java:14)
at locators.DirectLocators.openFacebook(DirectLocators.java:14)
at locators.DirectLocators.openFacebook(DirectLocators.java:14)
at locators.DirectLocators.openFacebook(DirectLocators.java:14)
at locators.DirectLocators.openFacebook(DirectLocators.java:14)
at locators.DirectLocators.openFacebook(DirectLocators.java:14)
at locators.DirectLocators.openFacebook(DirectLocators.java:14)
at locators.DirectLocators.openFacebook(DirectLocators.java:14)
at locators.DirectLocators.openFacebook(DirectLocators.java:14)
at locators.DirectLocators.openFacebook(DirectLocators.java:14)
at locators.DirectLocators.openFacebook(DirectLocators.java:14)
at locators.DirectLocators.openFacebook(DirectLocators.java:14)
at locators.DirectLocators.openFacebook(DirectLocators.java:14)
at locators.DirectLocators.openFacebook(DirectLocators.java:14)
at locators.DirectLocators.openFacebook(DirectLocators.java:14)
at locators.DirectLocators.openFacebook(DirectLocators.java:14)
at locators.DirectLocators.openFacebook(DirectLocators.java:14)
at locators.DirectLocators.openFacebook(DirectLocators.java:14)
at locators.DirectLocators.openFacebook(DirectLocators.java:14)
at locators.DirectLocators.openFacebook(DirectLocators.java:14)
at locators.DirectLocators.openFacebook(DirectLocators.java:14)
at locators.DirectLocators.openFacebook(DirectLocators.java:14)
at locators.DirectLocators.openFacebook(DirectLocators.java:14)
at locators.DirectLocators.openFacebook(DirectLocators.java:14)
at locators.DirectLocators.openFacebook(DirectLocators.java:14)
at locators.DirectLocators.openFacebook(DirectLocators.java:14)
at locators.DirectLocators.openFacebook(DirectLocators.java:14)
at locators.DirectLocators.openFacebook(DirectLocators.java:14)
at locators.DirectLocators.openFacebook(DirectLocators.java:14)
at locators.DirectLocators.openFacebook(DirectLocators.java:14)
at locators.DirectLocators.openFacebook(DirectLocators.java:14)
at locators.DirectLocators.openFacebook(DirectLocators.java:14)
at locators.DirectLocators.openFacebook(DirectLocators.java:14)
at locators.DirectLocators.openFacebook(DirectLocators.java:14)
at locators.DirectLocators.openFacebook(DirectLocators.java:14)
at locators.DirectLocators.openFacebook(DirectLocators.java:14)
at locators.DirectLocators.openFacebook(DirectLocators.java:14)
at locators.DirectLocators.openFacebook(DirectLocators.java:14)
at locators.DirectLocators.openFacebook(DirectLocators.java:14)
at locators.DirectLocators.openFacebook(DirectLocators.java:14)
at locators.DirectLocators.openFacebook(DirectLocators.java:14)
at locators.DirectLocators.openFacebook(DirectLocators.java:14)
at locators.DirectLocators.openFacebook(DirectLocators.java:14)
at locators.DirectLocators.openFacebook(DirectLocators.java:14)
at locators.DirectLocators.openFacebook(DirectLocators.java:14)
at locators.DirectLocators.openFacebook(DirectLocators.java:14)
at locators.DirectLocators.openFacebook(DirectLocators.java:14)
at locators.DirectLocators.openFacebook(DirectLocators.java:14)
at locators.DirectLocators.openFacebook(DirectLocators.java:14)
at locators.DirectLocators.openFacebook(DirectLocators.java:14)
at locators.DirectLocators.openFacebook(DirectLocators.java:14)
at locators.DirectLocators.openFacebook(DirectLocators.java:14)
at locators.DirectLocators.openFacebook(DirectLocators.java:14)
at locators.DirectLocators.openFacebook(DirectLocators.java:14)
at locators.DirectLocators.openFacebook(DirectLocators.java:14)
at locators.DirectLocators.openFacebook(DirectLocators.java:14)
at locators.DirectLocators.openFacebook(DirectLocators.java:14)
at locators.DirectLocators.openFacebook(DirectLocators.java:14)
at locators.DirectLocators.openFacebook(DirectLocators.java:14)
at locators.DirectLocators.openFacebook(DirectLocators.java:14)
at locators.DirectLocators.openFacebook(DirectLocators.java:14)
at locators.DirectLocators.openFacebook(DirectLocators.java:14)
at locators.DirectLocators.openFacebook(DirectLocators.java:14)
at locators.DirectLocators.openFacebook(DirectLocators.java:14)
at locators.DirectLocators.openFacebook(DirectLocators.java:14)
at locators.DirectLocators.openFacebook(DirectLocators.java:14)
at locators.DirectLocators.openFacebook(DirectLocators.java:14)
at locators.DirectLocators.openFacebook(DirectLocators.java:14)
at locators.DirectLocators.openFacebook(DirectLocators.java:14)
at locators.DirectLocators.openFacebook(DirectLocators.java:14)
at locators.DirectLocators.openFacebook(DirectLocators.java:14)
at locators.DirectLocators.openFacebook(DirectLocators.java:14)
at locators.DirectLocators.openFacebook(DirectLocators.java:14)
at locators.DirectLocators.openFacebook(DirectLocators.java:14)
at locators.DirectLocators.openFacebook(DirectLocators.java:14)
at locators.DirectLocators.openFacebook(DirectLocators.java:14)
at locators.DirectLocators.openFacebook(DirectLocators.java:14)
at locators.DirectLocators.openFacebook(DirectLocators.java:14)
at locators.DirectLocators.openFacebook(DirectLocators.java:14)
at locators.DirectLocators.openFacebook(DirectLocators.java:14)
at locators.DirectLocators.openFacebook(DirectLocators.java:14)
at locators.DirectLocators.openFacebook(DirectLocators.java:14)
at locators.DirectLocators.openFacebook(DirectLocators.java:14)
at locators.DirectLocators.openFacebook(DirectLocators.java:14)
at locators.DirectLocators.openFacebook(DirectLocators.java:14)
at locators.DirectLocators.openFacebook(DirectLocators.java:14)
at locators.DirectLocators.openFacebook(DirectLocators.java:14)
at locators.DirectLocators.openFacebook(DirectLocators.java:14)
at locators.DirectLocators.openFacebook(DirectLocators.java:14)
at locators.DirectLocators.openFacebook(DirectLocators.java:14)
at locators.DirectLocators.openFacebook(DirectLocators.java:14)
at locators.DirectLocators.openFacebook(DirectLocators.java:14)
at locators.DirectLocators.openFacebook(DirectLocators.java:14)
at locators.DirectLocators.openFacebook(DirectLocators.java:14)
at locators.DirectLocators.openFacebook(DirectLocators.java:14)
at locators.DirectLocators.openFacebook(DirectLocators.java:14)
at locators.DirectLocators.openFacebook(DirectLocators.java:14)
at locators.DirectLocators.openFacebook(DirectLocators.java:14)
at locators.DirectLocators.openFacebook(DirectLocators.java:14)
at locators.DirectLocators.openFacebook(DirectLocators.java:14)
at locators.DirectLocators.openFacebook(DirectLocators.java:14)
at locators.DirectLocators.openFacebook(DirectLocators.java:14)
at locators.DirectLocators.openFacebook(DirectLocators.java:14)
at locators.DirectLocators.openFacebook(DirectLocators.java:14)
at locators.DirectLocators.openFacebook(DirectLocators.java:14)
at locators.DirectLocators.openFacebook(DirectLocators.java:14)
at locators.DirectLocators.openFacebook(DirectLocators.java:14)
at locators.DirectLocators.openFacebook(DirectLocators.java:14)
at locators.DirectLocators.openFacebook(DirectLocators.java:14)
at locators.DirectLocators.openFacebook(DirectLocators.java:14)
at locators.DirectLocators.openFacebook(DirectLocators.java:14)
at locators.DirectLocators.openFacebook(DirectLocators.java:14)
at locators.DirectLocators.openFacebook(DirectLocators.java:14)
at locators.DirectLocators.openFacebook(DirectLocators.java:14)
at locators.DirectLocators.openFacebook(DirectLocators.java:14)
at locators.DirectLocators.openFacebook(DirectLocators.java:14)
at locators.DirectLocators.openFacebook(DirectLocators.java:14)
at locators.DirectLocators.openFacebook(DirectLocators.java:14)
at locators.DirectLocators.openFacebook(DirectLocators.java:14)
at locators.DirectLocators.openFacebook(DirectLocators.java:14)
at locators.DirectLocators.openFacebook(DirectLocators.java:14)
at locators.DirectLocators.openFacebook(DirectLocators.java:14)
at locators.DirectLocators.openFacebook(DirectLocators.java:14)
at locators.DirectLocators.openFacebook(DirectLocators.java:14)
at locators.DirectLocators.openFacebook(DirectLocators.java:14)
at locators.DirectLocators.openFacebook(DirectLocators.java:14)
at locators.DirectLocators.openFacebook(DirectLocators.java:14)
at locators.DirectLocators.openFacebook(DirectLocators.java:14)
at locators.DirectLocators.openFacebook(DirectLocators.java:14)
at locators.DirectLocators.openFacebook(DirectLocators.java:14)
at locators.DirectLocators.openFacebook(DirectLocators.java:14)
at locators.DirectLocators.openFacebook(DirectLocators.java:14)
at locators.DirectLocators.openFacebook(DirectLocators.java:14)
at locators.DirectLocators.openFacebook(DirectLocators.java:14)
at locators.DirectLocators.openFacebook(DirectLocators.java:14)
at locators.DirectLocators.openFacebook(DirectLocators.java:14)
at locators.DirectLocators.openFacebook(DirectLocators.java:14)
at locators.DirectLocators.openFacebook(DirectLocators.java:14)
at locators.DirectLocators.openFacebook(DirectLocators.java:14)
at locators.DirectLocators.openFacebook(DirectLocators.java:14)
at locators.DirectLocators.openFacebook(DirectLocators.java:14)
at locators.DirectLocators.openFacebook(DirectLocators.java:14)
at locators.DirectLocators.openFacebook(DirectLocators.java:14)
at locators.DirectLocators.openFacebook(DirectLocators.java:14)
at locators.DirectLocators.openFacebook(DirectLocators.java:14)
at locators.DirectLocators.openFacebook(DirectLocators.java:14)
at locators.DirectLocators.openFacebook(DirectLocators.java:14)
at locators.DirectLocators.openFacebook(DirectLocators.java:14)
at locators.DirectLocators.openFacebook(DirectLocators.java:14)
at locators.DirectLocators.openFacebook(DirectLocators.java:14)
at locators.DirectLocators.openFacebook(DirectLocators.java:14)
at locators.DirectLocators.openFacebook(DirectLocators.java:14)
at locators.DirectLocators.openFacebook(DirectLocators.java:14)
at locators.DirectLocators.openFacebook(DirectLocators.java:14)
at locators.DirectLocators.openFacebook(DirectLocators.java:14)
at locators.DirectLocators.openFacebook(DirectLocators.java:14)
at locators.DirectLocators.openFacebook(DirectLocators.java:14)
at locators.DirectLocators.openFacebook(DirectLocators.java:14)
at locators.DirectLocators.openFacebook(DirectLocators.java:14)
at locators.DirectLocators.openFacebook(DirectLocators.java:14)
at locators.DirectLocators.openFacebook(DirectLocators.java:14)
at locators.DirectLocators.openFacebook(DirectLocators.java:14)
at locators.DirectLocators.openFacebook(DirectLocators.java:14)
at locators.DirectLocators.openFacebook(DirectLocators.java:14)
at locators.DirectLocators.openFacebook(DirectLocators.java:14)
at locators.DirectLocators.openFacebook(DirectLocators.java:14)
at locators.DirectLocators.openFacebook(DirectLocators.java:14)
at locators.DirectLocators.openFacebook(DirectLocators.java:14)
at locators.DirectLocators.openFacebook(DirectLocators.java:14)
at locators.DirectLocators.openFacebook(DirectLocators.java:14)
at locators.DirectLocators.openFacebook(DirectLocators.java:14)
at locators.DirectLocators.openFacebook(DirectLocators.java:14)
at locators.DirectLocators.openFacebook(DirectLocators.java:14)
at locators.DirectLocators.openFacebook(DirectLocators.java:14)
at locators.DirectLocators.openFacebook(DirectLocators.java:14)
at locators.DirectLocators.openFacebook(DirectLocators.java:14)
at locators.DirectLocators.openFacebook(DirectLocators.java:14)
at locators.DirectLocators.openFacebook(DirectLocators.java:14)
at locators.DirectLocators.openFacebook(DirectLocators.java:14)
at locators.DirectLocators.openFacebook(DirectLocators.java:14)
at locators.DirectLocators.openFacebook(DirectLocators.java:14)
at locators.DirectLocators.openFacebook(DirectLocators.java:14)
at locators.DirectLocators.openFacebook(DirectLocators.java:14)
at locators.DirectLocators.openFacebook(DirectLocators.java:14)
at locators.DirectLocators.openFacebook(DirectLocators.java:14)
at locators.DirectLocators.openFacebook(DirectLocators.java:14)
at locators.DirectLocators.openFacebook(DirectLocators.java:14)
at locators.DirectLocators.openFacebook(DirectLocators.java:14)
at locators.DirectLocators.openFacebook(DirectLocators.java:14)
at locators.DirectLocators.openFacebook(DirectLocators.java:14)
at locators.DirectLocators.openFacebook(DirectLocators.java:14)
at locators.DirectLocators.openFacebook(DirectLocators.java:14)
at locators.DirectLocators.openFacebook(DirectLocators.java:14)
at locators.DirectLocators.openFacebook(DirectLocators.java:14)
at locators.DirectLocators.openFacebook(DirectLocators.java:14)
at locators.DirectLocators.openFacebook(DirectLocators.java:14)
at locators.DirectLocators.openFacebook(DirectLocators.java:14)
at locators.DirectLocators.openFacebook(DirectLocators.java:14)
at locators.DirectLocators.openFacebook(DirectLocators.java:14)
at locators.DirectLocators.openFacebook(DirectLocators.java:14)
at locators.DirectLocators.openFacebook(DirectLocators.java:14)
at locators.DirectLocators.openFacebook(DirectLocators.java:14)
at locators.DirectLocators.openFacebook(DirectLocators.java:14)
at locators.DirectLocators.openFacebook(DirectLocators.java:14)
at locators.DirectLocators.openFacebook(DirectLocators.java:14)
at locators.DirectLocators.openFacebook(DirectLocators.java:14)
at locators.DirectLocators.openFacebook(DirectLocators.java:14)
at locators.DirectLocators.openFacebook(DirectLocators.java:14)
at locators.DirectLocators.openFacebook(DirectLocators.java:14)
at locators.DirectLocators.openFacebook(DirectLocators.java:14)
at locators.DirectLocators.openFacebook(DirectLocators.java:14)
at locators.DirectLocators.openFacebook(DirectLocators.java:14)
at locators.DirectLocators.openFacebook(DirectLocators.java:14)
at locators.DirectLocators.openFacebook(DirectLocators.java:14)
at locators.DirectLocators.openFacebook(DirectLocators.java:14)
at locators.DirectLocators.openFacebook(DirectLocators.java:14)
at locators.DirectLocators.openFacebook(DirectLocators.java:14)
at locators.DirectLocators.openFacebook(DirectLocators.java:14)
at locators.DirectLocators.openFacebook(DirectLocators.java:14)
at locators.DirectLocators.openFacebook(DirectLocators.java:14)
at locators.DirectLocators.openFacebook(DirectLocators.java:14)
at locators.DirectLocators.openFacebook(DirectLocators.java:14)
at locators.DirectLocators.openFacebook(DirectLocators.java:14)
at locators.DirectLocators.openFacebook(DirectLocators.java:14)
at locators.DirectLocators.openFacebook(DirectLocators.java:14)
at locators.DirectLocators.openFacebook(DirectLocators.java:14)
at locators.DirectLocators.openFacebook(DirectLocators.java:14)
at locators.DirectLocators.openFacebook(DirectLocators.java:14)
at locators.DirectLocators.openFacebook(DirectLocators.java:14)
at locators.DirectLocators.openFacebook(DirectLocators.java:14)
at locators.DirectLocators.openFacebook(DirectLocators.java:14)
at locators.DirectLocators.openFacebook(DirectLocators.java:14)
at locators.DirectLocators.openFacebook(DirectLocators.java:14)
at locators.DirectLocators.openFacebook(DirectLocators.java:14)
at locators.DirectLocators.openFacebook(DirectLocators.java:14)
at locators.DirectLocators.openFacebook(DirectLocators.java:14)
at locators.DirectLocators.openFacebook(DirectLocators.java:14)
at locators.DirectLocators.openFacebook(DirectLocators.java:14)
at locators.DirectLocators.openFacebook(DirectLocators.java:14)
at locators.DirectLocators.openFacebook(DirectLocators.java:14)
at locators.DirectLocators.openFacebook(DirectLocators.java:14)
at locators.DirectLocators.openFacebook(DirectLocators.java:14)
at locators.DirectLocators.openFacebook(DirectLocators.java:14)
at locators.DirectLocators.openFacebook(DirectLocators.java:14)
at locators.DirectLocators.openFacebook(DirectLocators.java:14)
at locators.DirectLocators.openFacebook(DirectLocators.java:14)
at locators.DirectLocators.openFacebook(DirectLocators.java:14)
at locators.DirectLocators.openFacebook(DirectLocators.java:14)
at locators.DirectLocators.openFacebook(DirectLocators.java:14)
at locators.DirectLocators.openFacebook(DirectLocators.java:14)
at locators.DirectLocators.openFacebook(DirectLocators.java:14)
at locators.DirectLocators.openFacebook(DirectLocators.java:14)
at locators.DirectLocators.openFacebook(DirectLocators.java:14)
at locators.DirectLocators.openFacebook(DirectLocators.java:14)
at locators.DirectLocators.openFacebook(DirectLocators.java:14)
at locators.DirectLocators.openFacebook(DirectLocators.java:14)
at locators.DirectLocators.openFacebook(DirectLocators.java:14)
at locators.DirectLocators.openFacebook(DirectLocators.java:14)
at locators.DirectLocators.openFacebook(DirectLocators.java:14)
at locators.DirectLocators.openFacebook(DirectLocators.java:14)
at locators.DirectLocators.openFacebook(DirectLocators.java:14)
at locators.DirectLocators.openFacebook(DirectLocators.java:14)
at locators.DirectLocators.openFacebook(DirectLocators.java:14)
at locators.DirectLocators.openFacebook(DirectLocators.java:14)
at locators.DirectLocators.openFacebook(DirectLocators.java:14)
at locators.DirectLocators.openFacebook(DirectLocators.java:14)
at locators.DirectLocators.openFacebook(DirectLocators.java:14)
at locators.DirectLocators.openFacebook(DirectLocators.java:14)
at locators.DirectLocators.openFacebook(DirectLocators.java:14)
at locators.DirectLocators.openFacebook(DirectLocators.java:14)
at locators.DirectLocators.openFacebook(DirectLocators.java:14)
at locators.DirectLocators.openFacebook(DirectLocators.java:14)
at locators.DirectLocators.openFacebook(DirectLocators.java:14)
at locators.DirectLocators.openFacebook(DirectLocators.java:14)
at locators.DirectLocators.openFacebook(DirectLocators.java:14)
at locators.DirectLocators.openFacebook(DirectLocators.java:14)
at locators.DirectLocators.openFacebook(DirectLocators.java:14)
at locators.DirectLocators.openFacebook(DirectLocators.java:14)
at locators.DirectLocators.openFacebook(DirectLocators.java:14)
at locators.DirectLocators.openFacebook(DirectLocators.java:14)
at locators.DirectLocators.openFacebook(DirectLocators.java:14)
at locators.DirectLocators.openFacebook(DirectLocators.java:14)
at locators.DirectLocators.openFacebook(DirectLocators.java:14)
at locators.DirectLocators.openFacebook(DirectLocators.java:14)
at locators.DirectLocators.openFacebook(DirectLocators.java:14)
at locators.DirectLocators.openFacebook(DirectLocators.java:14)
at locators.DirectLocators.openFacebook(DirectLocators.java:14)
at locators.DirectLocators.openFacebook(DirectLocators.java:14)
at locators.DirectLocators.openFacebook(DirectLocators.java:14)
at locators.DirectLocators.openFacebook(DirectLocators.java:14)
at locators.DirectLocators.openFacebook(DirectLocators.java:14)
at locators.DirectLocators.openFacebook(DirectLocators.java:14)
at locators.DirectLocators.openFacebook(DirectLocators.java:14)
at locators.DirectLocators.openFacebook(DirectLocators.java:14)
at locators.DirectLocators.openFacebook(DirectLocators.java:14)
at locators.DirectLocators.openFacebook(DirectLocators.java:14)
at locators.DirectLocators.openFacebook(DirectLocators.java:14)
at locators.DirectLocators.openFacebook(DirectLocators.java:14)
at locators.DirectLocators.openFacebook(DirectLocators.java:14)
at locators.DirectLocators.openFacebook(DirectLocators.java:14)
at locators.DirectLocators.openFacebook(DirectLocators.java:14)
at locators.DirectLocators.openFacebook(DirectLocators.java:14)
at locators.DirectLocators.openFacebook(DirectLocators.java:14)
at locators.DirectLocators.openFacebook(DirectLocators.java:14)
at locators.DirectLocators.openFacebook(DirectLocators.java:14)
at locators.DirectLocators.openFacebook(DirectLocators.java:14)
at locators.DirectLocators.openFacebook(DirectLocators.java:14)
at locators.DirectLocators.openFacebook(DirectLocators.java:14)
at locators.DirectLocators.openFacebook(DirectLocators.java:14)
at locators.DirectLocators.openFacebook(DirectLocators.java:14)
at locators.DirectLocators.openFacebook(DirectLocators.java:14)
at locators.DirectLocators.openFacebook(DirectLocators.java:14)
at locators.DirectLocators.openFacebook(DirectLocators.java:14)
at locators.DirectLocators.openFacebook(DirectLocators.java:14)
at locators.DirectLocators.openFacebook(DirectLocators.java:14)
at locators.DirectLocators.openFacebook(DirectLocators.java:14)
at locators.DirectLocators.openFacebook(DirectLocators.java:14)
at locators.DirectLocators.openFacebook(DirectLocators.java:14)
at locators.DirectLocators.openFacebook(DirectLocators.java:14)
at locators.DirectLocators.openFacebook(DirectLocators.java:14)
at locators.DirectLocators.openFacebook(DirectLocators.java:14)
at locators.DirectLocators.openFacebook(DirectLocators.java:14)
at locators.DirectLocators.openFacebook(DirectLocators.java:14)
at locators.DirectLocators.openFacebook(DirectLocators.java:14)
at locators.DirectLocators.openFacebook(DirectLocators.java:14)
at locators.DirectLocators.openFacebook(DirectLocators.java:14)
at locators.DirectLocators.openFacebook(DirectLocators.java:14)
at locators.DirectLocators.openFacebook(DirectLocators.java:14)
at locators.DirectLocators.openFacebook(DirectLocators.java:14)
at locators.DirectLocators.openFacebook(DirectLocators.java:14)
at locators.DirectLocators.openFacebook(DirectLocators.java:14)
at locators.DirectLocators.openFacebook(DirectLocators.java:14)
at locators.DirectLocators.openFacebook(DirectLocators.java:14)
at locators.DirectLocators.openFacebook(DirectLocators.java:14)
at locators.DirectLocators.openFacebook(DirectLocators.java:14)
at locators.DirectLocators.openFacebook(DirectLocators.java:14)
at locators.DirectLocators.openFacebook(DirectLocators.java:14)
at locators.DirectLocators.openFacebook(DirectLocators.java:14)
at locators.DirectLocators.openFacebook(DirectLocators.java:14)
at locators.DirectLocators.openFacebook(DirectLocators.java:14)
at locators.DirectLocators.openFacebook(DirectLocators.java:14)
at locators.DirectLocators.openFacebook(DirectLocators.java:14)
at locators.DirectLocators.openFacebook(DirectLocators.java:14)
at locators.DirectLocators.openFacebook(DirectLocators.java:14)
at locators.DirectLocators.openFacebook(DirectLocators.java:14)
at locators.DirectLocators.openFacebook(DirectLocators.java:14)
at locators.DirectLocators.openFacebook(DirectLocators.java:14)
at locators.DirectLocators.openFacebook(DirectLocators.java:14)
at locators.DirectLocators.openFacebook(DirectLocators.java:14)
at locators.DirectLocators.openFacebook(DirectLocators.java:14)
at locators.DirectLocators.openFacebook(DirectLocators.java:14)
at locators.DirectLocators.openFacebook(DirectLocators.java:14)
at locators.DirectLocators.openFacebook(DirectLocators.java:14)
at locators.DirectLocators.openFacebook(DirectLocators.java:14)
at locators.DirectLocators.openFacebook(DirectLocators.java:14)
at locators.DirectLocators.openFacebook(DirectLocators.java:14)
at locators.DirectLocators.openFacebook(DirectLocators.java:14)
at locators.DirectLocators.openFacebook(DirectLocators.java:14)
at locators.DirectLocators.openFacebook(DirectLocators.java:14)
at locators.DirectLocators.openFacebook(DirectLocators.java:14)
at locators.DirectLocators.openFacebook(DirectLocators.java:14)
at locators.DirectLocators.openFacebook(DirectLocators.java:14)
at locators.DirectLocators.openFacebook(DirectLocators.java:14)
at locators.DirectLocators.openFacebook(DirectLocators.java:14)
]]>
    </error>
  </testcase> <!-- openFacebook -->
  <testcase classname="locators.DirectLocators" name="loginTest" time="0.000">
    <skipped/>
  </testcase> <!-- loginTest -->
</testsuite> <!-- locators.DirectLocators -->
