<?xml version="1.0" encoding="UTF-8"?>
<!-- Generated by org.testng.reporters.JUnitReportReporter -->
<testsuite hostname="DESKTOP-2OJ8H0G" failures="0" tests="2" name="webDriverCommand.FacebookUrlAndTitleTest" time="0.032" errors="0" timestamp="2024-07-16T18:16:47 EDT" skipped="0">
  <testcase classname="webDriverCommand.FacebookUrlAndTitleTest" name="titleTest" time="0.014"/>
  <testcase classname="webDriverCommand.FacebookUrlAndTitleTest" name="urlTest" time="0.018"/>
</testsuite> <!-- webDriverCommand.FacebookUrlAndTitleTest -->
