<?xml version="1.0" encoding="UTF-8"?>
<!-- Generated by org.testng.reporters.JUnitReportReporter -->
<testsuite hostname="DESKTOP-2OJ8H0G" failures="0" tests="2" name="webDriverCommand.FacebookLoginTest" time="0.033" errors="0" timestamp="2024-07-08T19:59:25 EDT" skipped="0">
  <testcase classname="webDriverCommand.FacebookLoginTest" name="titleTest" time="0.017"/>
  <testcase classname="webDriverCommand.FacebookLoginTest" name="urlTest" time="0.016"/>
</testsuite> <!-- webDriverCommand.FacebookLoginTest -->
