<?xml version="1.0" encoding="UTF-8"?>
<!-- Generated by org.testng.reporters.JUnitReportReporter -->
<testsuite hostname="DESKTOP-2OJ8H0G" failures="0" tests="1" name="facebookLinks.EspanolLinkTests" time="0.792" errors="0" timestamp="2024-07-13T13:45:42 EDT" skipped="0">
  <testcase classname="facebookLinks.EspanolLinkTests" name="espanolLinkTest" time="0.792"/>
</testsuite> <!-- facebookLinks.EspanolLinkTests -->
